/home/nimue/TESI/Perl/Tesi/finale/directory/c4894ac20e64a1bab1ce050cffee2ba526328e92e46f7bb0770c7aa32db166e9/nl_top.gif
500 addr is not a string at /home/nimue/TESI/Perl/Tesi/finale/api.pl line 34.
/home/nimue/TESI/Perl/Tesi/finale/directory/3827e2d96717b58855cb49c84e431c68a235c75b2aee0d33e581289f0ae48206/nl_middle2.gif
500 addr is not a string at /home/nimue/TESI/Perl/Tesi/finale/api.pl line 34.
/home/nimue/TESI/Perl/Tesi/finale/directory/0a99651bb36647ac6122d23286577c50f7d9b99fd020648837b39cae56479fd8/Document_IT_REL_PUBL_16073896_2014-04-25_PR1.pdf
error: 200 OK
report preso
response_code=1 èpresente nel dataset
rescan effettuato
/home/nimue/TESI/Perl/Tesi/finale/directory/a43715a5dc93deff3de681407b53d24d0597797235da56acf16ec2668a269b22/fattura.zip
error: 200 OK
report preso
response_code=1 èpresente nel dataset
rescan effettuato
/home/nimue/TESI/Perl/Tesi/finale/directory/417b258ff93582b570b4a8b3e64c7568b7d4cc202c65213f85fde1008f43eac5/Comunicazione Servizio Telepass.zip
500 addr is not a string at /home/nimue/TESI/Perl/Tesi/finale/api.pl line 34.
/home/nimue/TESI/Perl/Tesi/finale/directory/55750a2ab77e08003f7cb6effd9c52ff19a843f87802be0c04322c7d8db36bca/QrS.zip
500 addr is not a string at /home/nimue/TESI/Perl/Tesi/finale/api.pl line 34.
/home/nimue/TESI/Perl/Tesi/finale/directory/9e8647befaca535b03351d84ec757bf7cc43442d2a89a86aa8dd9cd6e7d9c501/BGINV66883.rtf
error: 200 OK
report preso
response_code=1 èpresente nel dataset
rescan effettuato
/home/nimue/TESI/Perl/Tesi/finale/directory/f348bb209e2e53feaa8ceb1af22ecf948a73bd52759f03a5b289d030476b103e/Pixmania Gift Voucher.zip
error: 200 OK
report preso
response_code=1 èpresente nel dataset
rescan effettuato
/home/nimue/TESI/Perl/Tesi/finale/directory/b2eaace33e795bd21837e2478e731d3678a6a087d4fe1527eace76644e485672/kz023sut.zip
500 addr is not a string at /home/nimue/TESI/Perl/Tesi/finale/api.pl line 34.
/home/nimue/TESI/Perl/Tesi/finale/directory/8017d94c13bffbb3b412ed0368999d6881ff6d0a04eec339e4ddd364ec5e6638/Prenotazione-2013 456463839.zip
error: 200 OK
report preso
response_code=1 èpresente nel dataset
rescan effettuato
/home/nimue/TESI/Perl/Tesi/finale/directory/03499a1bc79d1055c40f089848677b24a6780834c52e32fc27fdbf8fa7c8240d/Case_0083496.zip
error: 200 OK
report preso
response_code=1 èpresente nel dataset
rescan effettuato
/home/nimue/TESI/Perl/Tesi/finale/directory/03499a1bc79d1055c40f089848677b24a6780834c52e32fc27fdbf8fa7c8240d/Case_9332991.zip
error: 200 OK
report preso
response_code=1 èpresente nel dataset
rescan effettuato
/home/nimue/TESI/Perl/Tesi/finale/directory/82fb9c4adf279830abfd77f4c4e7295eb8c52739896dd1a7b89a990c9291752a/e-giftcard.zip
error: 200 OK
report preso
response_code=1 èpresente nel dataset
rescan effettuato
/home/nimue/TESI/Perl/Tesi/finale/directory/ad4a2b836a69ea0bcdb2fd82e62a24500dbcf0c1e2c148046a80116b1e2ace49/WS4619051.doc
error: 200 OK
report preso
response_code=1 èpresente nel dataset
rescan effettuato
/home/nimue/TESI/Perl/Tesi/finale/directory/83cef87f2ef4bdab7aa2b77c1d3e22df341edeae67f2b7f5d12af5d2a2f4ede7/Duplicato_Fattura_1904119905_del_3-14.pdf.zip
error: 200 OK
report preso
response_code=1 èpresente nel dataset
rescan effettuato
/home/nimue/TESI/Perl/Tesi/finale/directory/5ba5fae5d630050af896c0acb7e4cdfae6b5be8ef893f04ba922761056d26068/Buono regalo Pixmania ( Valore 50 € ).zip
error: 200 OK
report preso
response_code=1 èpresente nel dataset
rescan effettuato
/home/nimue/TESI/Perl/Tesi/finale/directory/3563ee579f686c6426ce411c15539f81a6189da9a41b53d2014f185073ee4732/Document_IT_REL_PUBL_16114996_2014-05-02_RM1.pdf
error: 200 OK
report preso
response_code=1 èpresente nel dataset
rescan effettuato
/home/nimue/TESI/Perl/Tesi/finale/directory/25882604525cca36d92a1189a9b90cf44347b07852464673a084a35b56916281/Proposta di modifica unilaterale del contratto CartaLIS Ottobre 2014_Prepagata PayPal.pdf.pdf
500 addr is not a string at /home/nimue/TESI/Perl/Tesi/finale/api.pl line 34.
/home/nimue/TESI/Perl/Tesi/finale/directory/734eaa34e23dc4c6d373fea2d006eaa19e229b47b1705c225fe5331fc8d905bb/documento_21.js
500 addr is not a string at /home/nimue/TESI/Perl/Tesi/finale/api.pl line 34.
/home/nimue/TESI/Perl/Tesi/finale/directory/7d0d3848b05e954bab5c67bf611d430ac39131cad1763af08990abdb78c21b9c/Fatture_Telepass_16_09_2014_PDF.zip
error: 200 OK
report preso
response_code=1 èpresente nel dataset
rescan effettuato
/home/nimue/TESI/Perl/Tesi/finale/directory/1d94345899edfe65eb440d8995f548bd556e0cf2ce886d70c67ab808e849eae4/nl_bottom2.jpg
error: 200 OK
report preso
response_code=1 èpresente nel dataset
rescan effettuato
/home/nimue/TESI/Perl/Tesi/finale/directory/72e8b8d9b741533655616dd761c9211586c7bc8b6c996f89a90293e0e337d584/RA_New.zip
unexpected end of string while parsing JSON string, at character offset 6342 (before "(end of string)") at /home/nimue/TESI/Perl/Tesi/finale/api.pl line 41.
error: 200 OK
report preso
/home/nimue/TESI/Perl/Tesi/finale/directory/48c714ba5fbb2cdf435c96b7190dbc59972a15b1cd64f19a84f601f6de768e37/foto.zip
error: 200 OK
report preso
response_code=1 èpresente nel dataset
rescan effettuato
/home/nimue/TESI/Perl/Tesi/finale/directory/bbe7b03d7561ae0412c4678feb7e2786da00df18a798a429a6dbac9b6dbb4d92/042_Image 21 gennaio 2014.zip
error: 200 OK
report preso
response_code=1 èpresente nel dataset
rescan effettuato
/home/nimue/TESI/Perl/Tesi/finale/directory/db44e45b50249207bebeadf4c819b3398fe20d1d8ce187f28ab3f2e9a89510b1/myteletu-ios.png
500 addr is not a string at /home/nimue/TESI/Perl/Tesi/finale/api.pl line 34.
/home/nimue/TESI/Perl/Tesi/finale/directory/fe597380dfb1df87c728da606617688a38045047667c6e51818c74623dd0c160/11-03-2016-8722996350.zip
error: 200 OK
report preso
response_code=1 èpresente nel dataset
rescan effettuato
/home/nimue/TESI/Perl/Tesi/finale/directory/e649e37134aa1c7931f3fd73c2c449abb23c06b74334d28d4c1eaae1cf29b27f/GAD.pdf
500 addr is not a string at /home/nimue/TESI/Perl/Tesi/finale/api.pl line 34.
/home/nimue/TESI/Perl/Tesi/finale/directory/cc2022901111d84a6fc89e2710de4874056a1364ef8aadf1b4f460bfdadff9cd/forma_di_somministrazione _doc _pdf.zip
error: 200 OK
report preso
response_code=1 èpresente nel dataset
rescan effettuato
/home/nimue/TESI/Perl/Tesi/finale/directory/517933182f1fd7a9d63ef2766362c709c13add6ccdb113bae928900767da5f9f/2014-12 nuovo_contratto.docx_doc.zip
500 addr is not a string at /home/nimue/TESI/Perl/Tesi/finale/api.pl line 34.
/home/nimue/TESI/Perl/Tesi/finale/directory/350991a7f815a535fd8d80d83767ff008dac26e0e6804dfdca6f2634c1604b67/vacillated.zip
500 addr is not a string at /home/nimue/TESI/Perl/Tesi/finale/api.pl line 34.
/home/nimue/TESI/Perl/Tesi/finale/directory/83431aaa8d04dece4d0ee79878c6d4ebd86b345d2d20ef24a8ec071fa060d6b3/Fat._febbraio_2016 xls_.zip
error: 200 OK
report preso
response_code=1 èpresente nel dataset
rescan effettuato
/home/nimue/TESI/Perl/Tesi/finale/directory/ae64a2e335a16e504a08181f33453b25123e56b39f676809afeb6784601f88cd/file da poste.it.zip
error: 200 OK
report preso
response_code=1 èpresente nel dataset
rescan effettuato
/home/nimue/TESI/Perl/Tesi/finale/directory/56aedac217196b1f5916ba6c1489d328c205fce04d2fef8cba4331f8481d7f6f/HEARTREK Speciale Bhutan.pdf
error: 200 OK
report preso
response_code=0 non è presente nel dataset
scan effettuato
/home/nimue/TESI/Perl/Tesi/finale/directory/a31e841d68f5c4608725cd73474578db2c94696a42f98653a2af23cf688b5cac/Investment Proposal.pdf
error: 200 OK
report preso
response_code=0 non è presente nel dataset
scan effettuato
/home/nimue/TESI/Perl/Tesi/finale/directory/1eb8f0bdff3ca5818d815ebfe4e83cbe0f831522deeaa1a9e525d3587295804d/fatt-RPA84654361.doc
500 addr is not a string at /home/nimue/TESI/Perl/Tesi/finale/api.pl line 34.
/home/nimue/TESI/Perl/Tesi/finale/directory/c1ca0bb79fdcac3a8556d2abf1b5f88ea3963ec39c08a8556b4c265c15ae14ec/Documenti approvati.xml.zip
error: 200 OK
report preso
response_code=1 èpresente nel dataset
rescan effettuato
/home/nimue/TESI/Perl/Tesi/finale/directory/02eba63fe3af717692488d8cc55b9b8c87b7a37e3f3c2fd27663c89e1d6a9fa6/Dati del pagamento.pdf.zip
500 addr is not a string at /home/nimue/TESI/Perl/Tesi/finale/api.pl line 34.
/home/nimue/TESI/Perl/Tesi/finale/directory/2cacb815518205f441af40c58aec0f7e817d27d4c827ccbbf406c85af7aa7a20/pagamenti.zip
500 addr is not a string at /home/nimue/TESI/Perl/Tesi/finale/api.pl line 34.
/home/nimue/TESI/Perl/Tesi/finale/directory/edad8533d00601f70701ed6895ca92e0e347857f5a86a0eeba111ddbaf86dc37/nl_bottom3.jpg
500 addr is not a string at /home/nimue/TESI/Perl/Tesi/finale/api.pl line 34.
/home/nimue/TESI/Perl/Tesi/finale/directory/8f83987e89827df83c4378b2f8f28a88feaaa27137cb92770f7801f081f214df/myteletu-android.png
500 addr is not a string at /home/nimue/TESI/Perl/Tesi/finale/api.pl line 34.
/home/nimue/TESI/Perl/Tesi/finale/directory/85a67ec37443f3b62c8b45b68a612d2ff2e49284f38af72fbcc91f08d6d8841b/Attaccamente per Completare.htm
500 addr is not a string at /home/nimue/TESI/Perl/Tesi/finale/api.pl line 34.
/home/nimue/TESI/Perl/Tesi/finale/directory/33cc0f59d69a3d3929c2e4f49ba4b6b77201f41009ca44fcbd4a32592ee55fc7/Forderung nicht gedeckten Zahlung Ihrer Bestellung GiroPay24 AG.zip
500 addr is not a string at /home/nimue/TESI/Perl/Tesi/finale/api.pl line 34.
/home/nimue/TESI/Perl/Tesi/finale/directory/401622eece9179d55d9b05515195ec10d854e2e95abd54ccb47720a64f022619/spacer.gif
error: 200 OK
report preso
response_code=1 èpresente nel dataset
rescan effettuato
/home/nimue/TESI/Perl/Tesi/finale/directory/450b3877b909c4c4c67e16d1164c6bec48013d0703d7530e77ab543484fa4905/foto-P4444637.jpg.zip
500 addr is not a string at /home/nimue/TESI/Perl/Tesi/finale/api.pl line 34.
/home/nimue/TESI/Perl/Tesi/finale/directory/450631b0dd16b1f460b934a14d8ac2d84d36e25b642af140abcfda326fcc8bf4/Document_IT_REL_PUBL_16150298_2014-05-11_RM2.pdf
500 addr is not a string at /home/nimue/TESI/Perl/Tesi/finale/api.pl line 34.
/home/nimue/TESI/Perl/Tesi/finale/directory/30662e318f9bbe16fbd90dd3d9f87d73694ba161450eca8c637cc860d6ef9bbf/nl_bottom1.jpg
500 addr is not a string at /home/nimue/TESI/Perl/Tesi/finale/api.pl line 34.
/home/nimue/TESI/Perl/Tesi/finale/directory/6b076685a99797a6484e6c907075fdf4326339195f49ee4b6334f00560500645/myteletu-logo.png
500 addr is not a string at /home/nimue/TESI/Perl/Tesi/finale/api.pl line 34.
/home/nimue/TESI/Perl/Tesi/finale/directory/6a4b860fce08801e50a8c65ebe72017ac8e7a69f720c790108af1a75367c068e/smime.p7s
500 addr is not a string at /home/nimue/TESI/Perl/Tesi/finale/api.pl line 34.
/home/nimue/TESI/Perl/Tesi/finale/directory/a0237de7b9263a3cebb58fddcf2bbb198059d8c7ead1db621045e983cfa8d4ba/daticert.xml
error: 200 OK
report preso
response_code=1 èpresente nel dataset
rescan effettuato
/home/nimue/TESI/Perl/Tesi/finale/directory/81b323f1c93c34bddf9e649255052f4a095eaab689fa65966fd3a543f7ade352/Rechnung nr.662983.doc
error: 200 OK
report preso
response_code=1 èpresente nel dataset
rescan effettuato
/home/nimue/TESI/Perl/Tesi/finale/directory/587652063d0cd324a6e42b0a909c681ad8f4c6faf4eb6476b9fd8987e6f746fb/EuropAssistance_TC_BF2013.zip
500 addr is not a string at /home/nimue/TESI/Perl/Tesi/finale/api.pl line 34.
/home/nimue/TESI/Perl/Tesi/finale/directory/5dfbe86774e01190ef8f8008e55e337c0dee52d46f77e84d0abc41e4899d1028/fattura 25224043463.pdf.zip
error: 200 OK
report preso
response_code=1 èpresente nel dataset
rescan effettuato
/home/nimue/TESI/Perl/Tesi/finale/directory/f5b31b04c3959f471b9a0152c760e3ac7b00db7cec69e3d63391cfcd1222e536/nl_middle1.gif
500 addr is not a string at /home/nimue/TESI/Perl/Tesi/finale/api.pl line 34.
/home/nimue/TESI/Perl/Tesi/finale/directory/89a07d4e1f26c932e809a830bb9be319ad4749d99d3c32f2962ca2bea2c6b1bc/doc.allegato.poste.htm
500 addr is not a string at /home/nimue/TESI/Perl/Tesi/finale/api.pl line 34.
/home/nimue/TESI/Perl/Tesi/finale/directory/abcda4bddc6bd8e1a268b5f6894d3c460ee530f5931efed12e8c4ff8869ffec5/Protokoll-4425684689.doc
500 addr is not a string at /home/nimue/TESI/Perl/Tesi/finale/api.pl line 34.
/home/nimue/TESI/Perl/Tesi/finale/directory/e888e66fdd55f8cf0eee96a58c78356c5bd4beae0928fe54f3d3cdc66f491997/Frachbrief_2943593.doc.doc
error: 200 OK
report preso
response_code=1 èpresente nel dataset
rescan effettuato
/home/nimue/TESI/Perl/Tesi/finale/directory/b51f088e1f9d9ceef7d06bdf886c1d91adf9a8e9a2da541a44696ce9b1784872/Telepass Comunicazione Servizio.zip
error: 200 OK
report preso
response_code=1 èpresente nel dataset
rescan effettuato
/home/nimue/TESI/Perl/Tesi/finale/directory/81e398ca896d8a7307d0885c756ca68d0e6e620ea3b080328e560ef9166c55b9/sexy.zip
500 addr is not a string at /home/nimue/TESI/Perl/Tesi/finale/api.pl line 34.
/home/nimue/TESI/Perl/Tesi/finale/directory/cde1350a685128adc668273a774e9714c4aeb7422fe0bb893f43e1ff5a76f43d/avast-mail-08522.png
500 addr is not a string at /home/nimue/TESI/Perl/Tesi/finale/api.pl line 34.
/home/nimue/TESI/Perl/Tesi/finale/directory/c8dabf78dc2f352d53aa96aeba9de039c11dc2a9f5cb1999e7b2d610d31e9aa6/servizi_telepass_formato_elettronico_G5KCDJLUP4P0KZ0S.zip
error: 200 OK
report preso
response_code=1 èpresente nel dataset
rescan effettuato
/home/nimue/TESI/Perl/Tesi/finale/directory/051662a79b164bf8f68d0c3479f142607f8b1e40bc55dd55c345ebdc2f628194/SCAN_129_07082013_18911.zip
500 addr is not a string at /home/nimue/TESI/Perl/Tesi/finale/api.pl line 34.
/home/nimue/TESI/Perl/Tesi/finale/directory/e1d12642cf51f05f96fedde922b61f82a6c2392f4231feb4f7d8ed5374d8e419/compila modulo#500123519.html
error: 200 OK
report preso
response_code=1 èpresente nel dataset
rescan effettuato
/home/nimue/TESI/Perl/Tesi/finale/directory/3b78cab012a77d94df766d35052652e877cb8597940bb4b8ed7cb061543d52fc/ticket60BE467.zip
error: 200 OK
report preso
response_code=1 èpresente nel dataset
rescan effettuato
/home/nimue/TESI/Perl/Tesi/finale/directory/41616e007a1bb1f77e62c02e20e0242d80d5329a7770346f1b04485ee16d4a91/Forderung 14.11.2014 - Rechtsanwalt Amazon AG.zip
error: 200 OK
report preso
response_code=0 non è presente nel dataset
scan effettuato
/home/nimue/TESI/Perl/Tesi/finale/directory/39fc1bb38dd42c4737ee58b53befc3c05847460bd5beda2d7480a427882eac56/57997.doc
error: 200 OK
report preso
response_code=1 èpresente nel dataset
rescan effettuato
/home/nimue/TESI/Perl/Tesi/finale/directory/1763cd96f6058560b9ca8667fedbd31d6a2df6590e23fa583db0e4b873af686c/photo.zip
error: 200 OK
report preso
response_code=1 èpresente nel dataset
rescan effettuato
/home/nimue/TESI/Perl/Tesi/finale/directory/29492d7c5a74483737d529a351f859089508eaa1c0383153751bf894a9bcd876/Motor.doc
error: 200 OK
report preso
response_code=1 èpresente nel dataset
rescan effettuato
/home/nimue/TESI/Perl/Tesi/finale/directory/0d12656188942e5d33ec3e2b206f8b38aa3bfa95cf73552f2d4d93d19bd9664f/Boden (clothing) - Order NUM. 97162_094384_63.doc
error: 200 OK
report preso
response_code=1 èpresente nel dataset
rescan effettuato
FINITO

/home/nimue/TESI/Perl/Tesi/finale/directory/c4894ac20e64a1bab1ce050cffee2ba526328e92e46f7bb0770c7aa32db166e9/nl_top.gif
500 addr is not a string at /home/nimue/TESI/Perl/Tesi/finale/api.pl line 34.
/home/nimue/TESI/Perl/Tesi/finale/directory/3827e2d96717b58855cb49c84e431c68a235c75b2aee0d33e581289f0ae48206/nl_middle2.gif
error: 200 OK
report preso
response_code=1 èpresente nel dataset
rescan effettuato
/home/nimue/TESI/Perl/Tesi/finale/directory/0a99651bb36647ac6122d23286577c50f7d9b99fd020648837b39cae56479fd8/Document_IT_REL_PUBL_16073896_2014-04-25_PR1.pdf
500 addr is not a string at /home/nimue/TESI/Perl/Tesi/finale/api.pl line 34.
/home/nimue/TESI/Perl/Tesi/finale/directory/a43715a5dc93deff3de681407b53d24d0597797235da56acf16ec2668a269b22/fattura.zip
500 addr is not a string at /home/nimue/TESI/Perl/Tesi/finale/api.pl line 34.
/home/nimue/TESI/Perl/Tesi/finale/directory/417b258ff93582b570b4a8b3e64c7568b7d4cc202c65213f85fde1008f43eac5/Comunicazione Servizio Telepass.zip
500 addr is not a string at /home/nimue/TESI/Perl/Tesi/finale/api.pl line 34.
/home/nimue/TESI/Perl/Tesi/finale/directory/55750a2ab77e08003f7cb6effd9c52ff19a843f87802be0c04322c7d8db36bca/QrS.zip
error: 200 OK
report preso
response_code=1 èpresente nel dataset
rescan effettuato
/home/nimue/TESI/Perl/Tesi/finale/directory/9e8647befaca535b03351d84ec757bf7cc43442d2a89a86aa8dd9cd6e7d9c501/BGINV66883.rtf
500 addr is not a string at /home/nimue/TESI/Perl/Tesi/finale/api.pl line 34.
/home/nimue/TESI/Perl/Tesi/finale/directory/f348bb209e2e53feaa8ceb1af22ecf948a73bd52759f03a5b289d030476b103e/Pixmania Gift Voucher.zip
500 addr is not a string at /home/nimue/TESI/Perl/Tesi/finale/api.pl line 34.
/home/nimue/TESI/Perl/Tesi/finale/directory/b2eaace33e795bd21837e2478e731d3678a6a087d4fe1527eace76644e485672/kz023sut.zip
500 addr is not a string at /home/nimue/TESI/Perl/Tesi/finale/api.pl line 34.
/home/nimue/TESI/Perl/Tesi/finale/directory/8017d94c13bffbb3b412ed0368999d6881ff6d0a04eec339e4ddd364ec5e6638/Prenotazione-2013 456463839.zip
500 addr is not a string at /home/nimue/TESI/Perl/Tesi/finale/api.pl line 34.
/home/nimue/TESI/Perl/Tesi/finale/directory/03499a1bc79d1055c40f089848677b24a6780834c52e32fc27fdbf8fa7c8240d/Case_0083496.zip
500 addr is not a string at /home/nimue/TESI/Perl/Tesi/finale/api.pl line 34.
/home/nimue/TESI/Perl/Tesi/finale/directory/03499a1bc79d1055c40f089848677b24a6780834c52e32fc27fdbf8fa7c8240d/Case_9332991.zip
error: 200 OK
report preso
response_code=1 èpresente nel dataset
report salvato
/home/nimue/TESI/Perl/Tesi/finale/directory/82fb9c4adf279830abfd77f4c4e7295eb8c52739896dd1a7b89a990c9291752a/e-giftcard.zip
500 addr is not a string at /home/nimue/TESI/Perl/Tesi/finale/api.pl line 34.
/home/nimue/TESI/Perl/Tesi/finale/directory/ad4a2b836a69ea0bcdb2fd82e62a24500dbcf0c1e2c148046a80116b1e2ace49/WS4619051.doc
error: 200 OK
report preso
response_code=1 èpresente nel dataset
report salvato
/home/nimue/TESI/Perl/Tesi/finale/directory/83cef87f2ef4bdab7aa2b77c1d3e22df341edeae67f2b7f5d12af5d2a2f4ede7/Duplicato_Fattura_1904119905_del_3-14.pdf.zip
500 addr is not a string at /home/nimue/TESI/Perl/Tesi/finale/api.pl line 34.
/home/nimue/TESI/Perl/Tesi/finale/directory/5ba5fae5d630050af896c0acb7e4cdfae6b5be8ef893f04ba922761056d26068/Buono regalo Pixmania ( Valore 50 € ).zip
500 addr is not a string at /home/nimue/TESI/Perl/Tesi/finale/api.pl line 34.
/home/nimue/TESI/Perl/Tesi/finale/directory/3563ee579f686c6426ce411c15539f81a6189da9a41b53d2014f185073ee4732/Document_IT_REL_PUBL_16114996_2014-05-02_RM1.pdf
500 addr is not a string at /home/nimue/TESI/Perl/Tesi/finale/api.pl line 34.
/home/nimue/TESI/Perl/Tesi/finale/directory/25882604525cca36d92a1189a9b90cf44347b07852464673a084a35b56916281/Proposta di modifica unilaterale del contratto CartaLIS Ottobre 2014_Prepagata PayPal.pdf.pdf
500 addr is not a string at /home/nimue/TESI/Perl/Tesi/finale/api.pl line 34.
/home/nimue/TESI/Perl/Tesi/finale/directory/734eaa34e23dc4c6d373fea2d006eaa19e229b47b1705c225fe5331fc8d905bb/documento_21.js
500 addr is not a string at /home/nimue/TESI/Perl/Tesi/finale/api.pl line 34.
/home/nimue/TESI/Perl/Tesi/finale/directory/7d0d3848b05e954bab5c67bf611d430ac39131cad1763af08990abdb78c21b9c/Fatture_Telepass_16_09_2014_PDF.zip
500 addr is not a string at /home/nimue/TESI/Perl/Tesi/finale/api.pl line 34.
/home/nimue/TESI/Perl/Tesi/finale/directory/1d94345899edfe65eb440d8995f548bd556e0cf2ce886d70c67ab808e849eae4/nl_bottom2.jpg
500 addr is not a string at /home/nimue/TESI/Perl/Tesi/finale/api.pl line 34.
/home/nimue/TESI/Perl/Tesi/finale/directory/72e8b8d9b741533655616dd761c9211586c7bc8b6c996f89a90293e0e337d584/RA_New.zip
500 addr is not a string at /home/nimue/TESI/Perl/Tesi/finale/api.pl line 34.
/home/nimue/TESI/Perl/Tesi/finale/directory/48c714ba5fbb2cdf435c96b7190dbc59972a15b1cd64f19a84f601f6de768e37/foto.zip
error: 200 OK
report preso
response_code=1 èpresente nel dataset
report salvato
/home/nimue/TESI/Perl/Tesi/finale/directory/bbe7b03d7561ae0412c4678feb7e2786da00df18a798a429a6dbac9b6dbb4d92/042_Image 21 gennaio 2014.zip
error: 200 OK
report preso
response_code=1 èpresente nel dataset
report salvato
/home/nimue/TESI/Perl/Tesi/finale/directory/db44e45b50249207bebeadf4c819b3398fe20d1d8ce187f28ab3f2e9a89510b1/myteletu-ios.png
500 addr is not a string at /home/nimue/TESI/Perl/Tesi/finale/api.pl line 34.
/home/nimue/TESI/Perl/Tesi/finale/directory/fe597380dfb1df87c728da606617688a38045047667c6e51818c74623dd0c160/11-03-2016-8722996350.zip
500 addr is not a string at /home/nimue/TESI/Perl/Tesi/finale/api.pl line 34.
/home/nimue/TESI/Perl/Tesi/finale/directory/e649e37134aa1c7931f3fd73c2c449abb23c06b74334d28d4c1eaae1cf29b27f/GAD.pdf
500 addr is not a string at /home/nimue/TESI/Perl/Tesi/finale/api.pl line 34.
/home/nimue/TESI/Perl/Tesi/finale/directory/cc2022901111d84a6fc89e2710de4874056a1364ef8aadf1b4f460bfdadff9cd/forma_di_somministrazione _doc _pdf.zip
error: 200 OK
report preso
response_code=1 èpresente nel dataset
report salvato
/home/nimue/TESI/Perl/Tesi/finale/directory/517933182f1fd7a9d63ef2766362c709c13add6ccdb113bae928900767da5f9f/2014-12 nuovo_contratto.docx_doc.zip
error: 200 OK
report preso
response_code=1 èpresente nel dataset
rescan effettuato
/home/nimue/TESI/Perl/Tesi/finale/directory/350991a7f815a535fd8d80d83767ff008dac26e0e6804dfdca6f2634c1604b67/vacillated.zip
error: 200 OK
report preso
response_code=1 èpresente nel dataset
rescan effettuato
/home/nimue/TESI/Perl/Tesi/finale/directory/83431aaa8d04dece4d0ee79878c6d4ebd86b345d2d20ef24a8ec071fa060d6b3/Fat._febbraio_2016 xls_.zip
500 addr is not a string at /home/nimue/TESI/Perl/Tesi/finale/api.pl line 34.
/home/nimue/TESI/Perl/Tesi/finale/directory/ae64a2e335a16e504a08181f33453b25123e56b39f676809afeb6784601f88cd/file da poste.it.zip
500 addr is not a string at /home/nimue/TESI/Perl/Tesi/finale/api.pl line 34.
/home/nimue/TESI/Perl/Tesi/finale/directory/56aedac217196b1f5916ba6c1489d328c205fce04d2fef8cba4331f8481d7f6f/HEARTREK Speciale Bhutan.pdf
500 addr is not a string at /home/nimue/TESI/Perl/Tesi/finale/api.pl line 34.
/home/nimue/TESI/Perl/Tesi/finale/directory/a31e841d68f5c4608725cd73474578db2c94696a42f98653a2af23cf688b5cac/Investment Proposal.pdf
500 addr is not a string at /home/nimue/TESI/Perl/Tesi/finale/api.pl line 34.
/home/nimue/TESI/Perl/Tesi/finale/directory/1eb8f0bdff3ca5818d815ebfe4e83cbe0f831522deeaa1a9e525d3587295804d/fatt-RPA84654361.doc
500 addr is not a string at /home/nimue/TESI/Perl/Tesi/finale/api.pl line 34.
/home/nimue/TESI/Perl/Tesi/finale/directory/c1ca0bb79fdcac3a8556d2abf1b5f88ea3963ec39c08a8556b4c265c15ae14ec/Documenti approvati.xml.zip
error: 200 OK
report preso
response_code=1 èpresente nel dataset
report salvato
/home/nimue/TESI/Perl/Tesi/finale/directory/02eba63fe3af717692488d8cc55b9b8c87b7a37e3f3c2fd27663c89e1d6a9fa6/Dati del pagamento.pdf.zip
500 addr is not a string at /home/nimue/TESI/Perl/Tesi/finale/api.pl line 34.
/home/nimue/TESI/Perl/Tesi/finale/directory/2cacb815518205f441af40c58aec0f7e817d27d4c827ccbbf406c85af7aa7a20/pagamenti.zip
error: 200 OK
report preso
response_code=1 èpresente nel dataset
rescan effettuato
/home/nimue/TESI/Perl/Tesi/finale/directory/edad8533d00601f70701ed6895ca92e0e347857f5a86a0eeba111ddbaf86dc37/nl_bottom3.jpg
500 addr is not a string at /home/nimue/TESI/Perl/Tesi/finale/api.pl line 34.
/home/nimue/TESI/Perl/Tesi/finale/directory/8f83987e89827df83c4378b2f8f28a88feaaa27137cb92770f7801f081f214df/myteletu-android.png
500 addr is not a string at /home/nimue/TESI/Perl/Tesi/finale/api.pl line 34.
/home/nimue/TESI/Perl/Tesi/finale/directory/85a67ec37443f3b62c8b45b68a612d2ff2e49284f38af72fbcc91f08d6d8841b/Attaccamente per Completare.htm
500 addr is not a string at /home/nimue/TESI/Perl/Tesi/finale/api.pl line 34.
/home/nimue/TESI/Perl/Tesi/finale/directory/33cc0f59d69a3d3929c2e4f49ba4b6b77201f41009ca44fcbd4a32592ee55fc7/Forderung nicht gedeckten Zahlung Ihrer Bestellung GiroPay24 AG.zip
error: 200 OK
report preso
response_code=0 non è presente nel dataset
scan effettuato
/home/nimue/TESI/Perl/Tesi/finale/directory/401622eece9179d55d9b05515195ec10d854e2e95abd54ccb47720a64f022619/spacer.gif
500 addr is not a string at /home/nimue/TESI/Perl/Tesi/finale/api.pl line 34.
/home/nimue/TESI/Perl/Tesi/finale/directory/450b3877b909c4c4c67e16d1164c6bec48013d0703d7530e77ab543484fa4905/foto-P4444637.jpg.zip
500 addr is not a string at /home/nimue/TESI/Perl/Tesi/finale/api.pl line 34.
/home/nimue/TESI/Perl/Tesi/finale/directory/450631b0dd16b1f460b934a14d8ac2d84d36e25b642af140abcfda326fcc8bf4/Document_IT_REL_PUBL_16150298_2014-05-11_RM2.pdf
500 addr is not a string at /home/nimue/TESI/Perl/Tesi/finale/api.pl line 34.
/home/nimue/TESI/Perl/Tesi/finale/directory/30662e318f9bbe16fbd90dd3d9f87d73694ba161450eca8c637cc860d6ef9bbf/nl_bottom1.jpg
error: 200 OK
report preso
response_code=0 non è presente nel dataset
scan effettuato
/home/nimue/TESI/Perl/Tesi/finale/directory/6b076685a99797a6484e6c907075fdf4326339195f49ee4b6334f00560500645/myteletu-logo.png
error: 200 OK
report preso
response_code=1 èpresente nel dataset
rescan effettuato
/home/nimue/TESI/Perl/Tesi/finale/directory/6a4b860fce08801e50a8c65ebe72017ac8e7a69f720c790108af1a75367c068e/smime.p7s
500 addr is not a string at /home/nimue/TESI/Perl/Tesi/finale/api.pl line 34.
/home/nimue/TESI/Perl/Tesi/finale/directory/a0237de7b9263a3cebb58fddcf2bbb198059d8c7ead1db621045e983cfa8d4ba/daticert.xml
500 addr is not a string at /home/nimue/TESI/Perl/Tesi/finale/api.pl line 34.
/home/nimue/TESI/Perl/Tesi/finale/directory/81b323f1c93c34bddf9e649255052f4a095eaab689fa65966fd3a543f7ade352/Rechnung nr.662983.doc
500 addr is not a string at /home/nimue/TESI/Perl/Tesi/finale/api.pl line 34.
/home/nimue/TESI/Perl/Tesi/finale/directory/587652063d0cd324a6e42b0a909c681ad8f4c6faf4eb6476b9fd8987e6f746fb/EuropAssistance_TC_BF2013.zip
500 addr is not a string at /home/nimue/TESI/Perl/Tesi/finale/api.pl line 34.
/home/nimue/TESI/Perl/Tesi/finale/directory/5dfbe86774e01190ef8f8008e55e337c0dee52d46f77e84d0abc41e4899d1028/fattura 25224043463.pdf.zip
500 addr is not a string at /home/nimue/TESI/Perl/Tesi/finale/api.pl line 34.
/home/nimue/TESI/Perl/Tesi/finale/directory/f5b31b04c3959f471b9a0152c760e3ac7b00db7cec69e3d63391cfcd1222e536/nl_middle1.gif
error: 200 OK
report preso
response_code=1 èpresente nel dataset
rescan effettuato
/home/nimue/TESI/Perl/Tesi/finale/directory/89a07d4e1f26c932e809a830bb9be319ad4749d99d3c32f2962ca2bea2c6b1bc/doc.allegato.poste.htm
error: 200 OK
report preso
response_code=0 non è presente nel dataset
scan effettuato
/home/nimue/TESI/Perl/Tesi/finale/directory/abcda4bddc6bd8e1a268b5f6894d3c460ee530f5931efed12e8c4ff8869ffec5/Protokoll-4425684689.doc
500 addr is not a string at /home/nimue/TESI/Perl/Tesi/finale/api.pl line 34.
/home/nimue/TESI/Perl/Tesi/finale/directory/e888e66fdd55f8cf0eee96a58c78356c5bd4beae0928fe54f3d3cdc66f491997/Frachbrief_2943593.doc.doc
500 addr is not a string at /home/nimue/TESI/Perl/Tesi/finale/api.pl line 34.
/home/nimue/TESI/Perl/Tesi/finale/directory/b51f088e1f9d9ceef7d06bdf886c1d91adf9a8e9a2da541a44696ce9b1784872/Telepass Comunicazione Servizio.zip
500 addr is not a string at /home/nimue/TESI/Perl/Tesi/finale/api.pl line 34.
/home/nimue/TESI/Perl/Tesi/finale/directory/81e398ca896d8a7307d0885c756ca68d0e6e620ea3b080328e560ef9166c55b9/sexy.zip
error: 200 OK
report preso
response_code=1 èpresente nel dataset
rescan effettuato
/home/nimue/TESI/Perl/Tesi/finale/directory/cde1350a685128adc668273a774e9714c4aeb7422fe0bb893f43e1ff5a76f43d/avast-mail-08522.png
error: 200 OK
report preso
response_code=1 èpresente nel dataset
rescan effettuato
/home/nimue/TESI/Perl/Tesi/finale/directory/c8dabf78dc2f352d53aa96aeba9de039c11dc2a9f5cb1999e7b2d610d31e9aa6/servizi_telepass_formato_elettronico_G5KCDJLUP4P0KZ0S.zip
500 addr is not a string at /home/nimue/TESI/Perl/Tesi/finale/api.pl line 34.
/home/nimue/TESI/Perl/Tesi/finale/directory/051662a79b164bf8f68d0c3479f142607f8b1e40bc55dd55c345ebdc2f628194/SCAN_129_07082013_18911.zip
error: 200 OK
report preso
response_code=1 èpresente nel dataset
rescan effettuato
/home/nimue/TESI/Perl/Tesi/finale/directory/e1d12642cf51f05f96fedde922b61f82a6c2392f4231feb4f7d8ed5374d8e419/compila modulo#500123519.html
500 addr is not a string at /home/nimue/TESI/Perl/Tesi/finale/api.pl line 34.
/home/nimue/TESI/Perl/Tesi/finale/directory/3b78cab012a77d94df766d35052652e877cb8597940bb4b8ed7cb061543d52fc/ticket60BE467.zip
500 addr is not a string at /home/nimue/TESI/Perl/Tesi/finale/api.pl line 34.
/home/nimue/TESI/Perl/Tesi/finale/directory/41616e007a1bb1f77e62c02e20e0242d80d5329a7770346f1b04485ee16d4a91/Forderung 14.11.2014 - Rechtsanwalt Amazon AG.zip
500 addr is not a string at /home/nimue/TESI/Perl/Tesi/finale/api.pl line 34.
/home/nimue/TESI/Perl/Tesi/finale/directory/39fc1bb38dd42c4737ee58b53befc3c05847460bd5beda2d7480a427882eac56/57997.doc
500 addr is not a string at /home/nimue/TESI/Perl/Tesi/finale/api.pl line 34.
/home/nimue/TESI/Perl/Tesi/finale/directory/1763cd96f6058560b9ca8667fedbd31d6a2df6590e23fa583db0e4b873af686c/photo.zip
500 addr is not a string at /home/nimue/TESI/Perl/Tesi/finale/api.pl line 34.
/home/nimue/TESI/Perl/Tesi/finale/directory/29492d7c5a74483737d529a351f859089508eaa1c0383153751bf894a9bcd876/Motor.doc
500 addr is not a string at /home/nimue/TESI/Perl/Tesi/finale/api.pl line 34.
/home/nimue/TESI/Perl/Tesi/finale/directory/0d12656188942e5d33ec3e2b206f8b38aa3bfa95cf73552f2d4d93d19bd9664f/Boden (clothing) - Order NUM. 97162_094384_63.doc
500 addr is not a string at /home/nimue/TESI/Perl/Tesi/finale/api.pl line 34.
FINITO
6

/home/nimue/TESI/Perl/Tesi/finale/directory/c4894ac20e64a1bab1ce050cffee2ba526328e92e46f7bb0770c7aa32db166e9/nl_top.gif
error: 200 OK
report preso
response_code=1 èpresente nel dataset
rescan effettuato
/home/nimue/TESI/Perl/Tesi/finale/directory/3827e2d96717b58855cb49c84e431c68a235c75b2aee0d33e581289f0ae48206/nl_middle2.gif
error: 200 OK
report preso
response_code=1 èpresente nel dataset
rescan effettuato
/home/nimue/TESI/Perl/Tesi/finale/directory/0a99651bb36647ac6122d23286577c50f7d9b99fd020648837b39cae56479fd8/Document_IT_REL_PUBL_16073896_2014-04-25_PR1.pdf
error: 200 OK
report preso
response_code=1 èpresente nel dataset
rescan effettuato
/home/nimue/TESI/Perl/Tesi/finale/directory/a43715a5dc93deff3de681407b53d24d0597797235da56acf16ec2668a269b22/fattura.zip
error: 200 OK
report preso
response_code=1 èpresente nel dataset
rescan effettuato
/home/nimue/TESI/Perl/Tesi/finale/directory/417b258ff93582b570b4a8b3e64c7568b7d4cc202c65213f85fde1008f43eac5/Comunicazione Servizio Telepass.zip
error: 200 OK
report preso
response_code=1 èpresente nel dataset
rescan effettuato
/home/nimue/TESI/Perl/Tesi/finale/directory/55750a2ab77e08003f7cb6effd9c52ff19a843f87802be0c04322c7d8db36bca/QrS.zip
500 addr is not a string at /home/nimue/TESI/Perl/Tesi/finale/api.pl line 34.
/home/nimue/TESI/Perl/Tesi/finale/directory/9e8647befaca535b03351d84ec757bf7cc43442d2a89a86aa8dd9cd6e7d9c501/BGINV66883.rtf
500 addr is not a string at /home/nimue/TESI/Perl/Tesi/finale/api.pl line 34.
/home/nimue/TESI/Perl/Tesi/finale/directory/f348bb209e2e53feaa8ceb1af22ecf948a73bd52759f03a5b289d030476b103e/Pixmania Gift Voucher.zip
500 addr is not a string at /home/nimue/TESI/Perl/Tesi/finale/api.pl line 34.
/home/nimue/TESI/Perl/Tesi/finale/directory/b2eaace33e795bd21837e2478e731d3678a6a087d4fe1527eace76644e485672/kz023sut.zip
500 addr is not a string at /home/nimue/TESI/Perl/Tesi/finale/api.pl line 34.
/home/nimue/TESI/Perl/Tesi/finale/directory/8017d94c13bffbb3b412ed0368999d6881ff6d0a04eec339e4ddd364ec5e6638/Prenotazione-2013 456463839.zip
500 addr is not a string at /home/nimue/TESI/Perl/Tesi/finale/api.pl line 34.
/home/nimue/TESI/Perl/Tesi/finale/directory/03499a1bc79d1055c40f089848677b24a6780834c52e32fc27fdbf8fa7c8240d/Case_0083496.zip
error: 200 OK
report preso
response_code=1 èpresente nel dataset
rescan effettuato
/home/nimue/TESI/Perl/Tesi/finale/directory/03499a1bc79d1055c40f089848677b24a6780834c52e32fc27fdbf8fa7c8240d/Case_9332991.zip
error: 200 OK
report preso
response_code=1 èpresente nel dataset
rescan effettuato
/home/nimue/TESI/Perl/Tesi/finale/directory/82fb9c4adf279830abfd77f4c4e7295eb8c52739896dd1a7b89a990c9291752a/e-giftcard.zip
500 addr is not a string at /home/nimue/TESI/Perl/Tesi/finale/api.pl line 34.
/home/nimue/TESI/Perl/Tesi/finale/directory/ad4a2b836a69ea0bcdb2fd82e62a24500dbcf0c1e2c148046a80116b1e2ace49/WS4619051.doc
error: 200 OK
report preso
response_code=1 èpresente nel dataset
rescan effettuato
/home/nimue/TESI/Perl/Tesi/finale/directory/83cef87f2ef4bdab7aa2b77c1d3e22df341edeae67f2b7f5d12af5d2a2f4ede7/Duplicato_Fattura_1904119905_del_3-14.pdf.zip
500 addr is not a string at /home/nimue/TESI/Perl/Tesi/finale/api.pl line 34.
/home/nimue/TESI/Perl/Tesi/finale/directory/5ba5fae5d630050af896c0acb7e4cdfae6b5be8ef893f04ba922761056d26068/Buono regalo Pixmania ( Valore 50 € ).zip
500 addr is not a string at /home/nimue/TESI/Perl/Tesi/finale/api.pl line 34.
/home/nimue/TESI/Perl/Tesi/finale/directory/3563ee579f686c6426ce411c15539f81a6189da9a41b53d2014f185073ee4732/Document_IT_REL_PUBL_16114996_2014-05-02_RM1.pdf
error: 200 OK
report preso
response_code=1 èpresente nel dataset
rescan effettuato
/home/nimue/TESI/Perl/Tesi/finale/directory/25882604525cca36d92a1189a9b90cf44347b07852464673a084a35b56916281/Proposta di modifica unilaterale del contratto CartaLIS Ottobre 2014_Prepagata PayPal.pdf.pdf
error: 200 OK
report preso
response_code=1 èpresente nel dataset
rescan effettuato
/home/nimue/TESI/Perl/Tesi/finale/directory/734eaa34e23dc4c6d373fea2d006eaa19e229b47b1705c225fe5331fc8d905bb/documento_21.js
error: 200 OK
report preso
response_code=1 èpresente nel dataset
rescan effettuato
/home/nimue/TESI/Perl/Tesi/finale/directory/7d0d3848b05e954bab5c67bf611d430ac39131cad1763af08990abdb78c21b9c/Fatture_Telepass_16_09_2014_PDF.zip
error: 200 OK
report preso
response_code=1 èpresente nel dataset
rescan effettuato
/home/nimue/TESI/Perl/Tesi/finale/directory/1d94345899edfe65eb440d8995f548bd556e0cf2ce886d70c67ab808e849eae4/nl_bottom2.jpg
500 Status read failed: Connessione interrotta dal corrispondente at /home/nimue/TESI/Perl/Tesi/finale/api.pl line 34.
/home/nimue/TESI/Perl/Tesi/finale/directory/72e8b8d9b741533655616dd761c9211586c7bc8b6c996f89a90293e0e337d584/RA_New.zip
error: 200 OK
report preso
response_code=1 èpresente nel dataset
rescan effettuato
/home/nimue/TESI/Perl/Tesi/finale/directory/48c714ba5fbb2cdf435c96b7190dbc59972a15b1cd64f19a84f601f6de768e37/foto.zip
error: 200 OK
report preso
response_code=1 èpresente nel dataset
rescan effettuato
/home/nimue/TESI/Perl/Tesi/finale/directory/bbe7b03d7561ae0412c4678feb7e2786da00df18a798a429a6dbac9b6dbb4d92/042_Image 21 gennaio 2014.zip
500 addr is not a string at /home/nimue/TESI/Perl/Tesi/finale/api.pl line 34.
/home/nimue/TESI/Perl/Tesi/finale/directory/db44e45b50249207bebeadf4c819b3398fe20d1d8ce187f28ab3f2e9a89510b1/myteletu-ios.png
500 addr is not a string at /home/nimue/TESI/Perl/Tesi/finale/api.pl line 34.
/home/nimue/TESI/Perl/Tesi/finale/directory/fe597380dfb1df87c728da606617688a38045047667c6e51818c74623dd0c160/11-03-2016-8722996350.zip
500 addr is not a string at /home/nimue/TESI/Perl/Tesi/finale/api.pl line 34.
/home/nimue/TESI/Perl/Tesi/finale/directory/e649e37134aa1c7931f3fd73c2c449abb23c06b74334d28d4c1eaae1cf29b27f/GAD.pdf
500 addr is not a string at /home/nimue/TESI/Perl/Tesi/finale/api.pl line 34.
/home/nimue/TESI/Perl/Tesi/finale/directory/cc2022901111d84a6fc89e2710de4874056a1364ef8aadf1b4f460bfdadff9cd/forma_di_somministrazione _doc _pdf.zip
500 addr is not a string at /home/nimue/TESI/Perl/Tesi/finale/api.pl line 34.
/home/nimue/TESI/Perl/Tesi/finale/directory/517933182f1fd7a9d63ef2766362c709c13add6ccdb113bae928900767da5f9f/2014-12 nuovo_contratto.docx_doc.zip
500 addr is not a string at /home/nimue/TESI/Perl/Tesi/finale/api.pl line 34.
/home/nimue/TESI/Perl/Tesi/finale/directory/350991a7f815a535fd8d80d83767ff008dac26e0e6804dfdca6f2634c1604b67/vacillated.zip
500 addr is not a string at /home/nimue/TESI/Perl/Tesi/finale/api.pl line 34.
/home/nimue/TESI/Perl/Tesi/finale/directory/83431aaa8d04dece4d0ee79878c6d4ebd86b345d2d20ef24a8ec071fa060d6b3/Fat._febbraio_2016 xls_.zip
500 addr is not a string at /home/nimue/TESI/Perl/Tesi/finale/api.pl line 34.
/home/nimue/TESI/Perl/Tesi/finale/directory/ae64a2e335a16e504a08181f33453b25123e56b39f676809afeb6784601f88cd/file da poste.it.zip
500 addr is not a string at /home/nimue/TESI/Perl/Tesi/finale/api.pl line 34.
/home/nimue/TESI/Perl/Tesi/finale/directory/56aedac217196b1f5916ba6c1489d328c205fce04d2fef8cba4331f8481d7f6f/HEARTREK Speciale Bhutan.pdf
error: 200 OK
report preso
response_code=1 èpresente nel dataset
rescan effettuato
/home/nimue/TESI/Perl/Tesi/finale/directory/a31e841d68f5c4608725cd73474578db2c94696a42f98653a2af23cf688b5cac/Investment Proposal.pdf
500 addr is not a string at /home/nimue/TESI/Perl/Tesi/finale/api.pl line 34.
/home/nimue/TESI/Perl/Tesi/finale/directory/1eb8f0bdff3ca5818d815ebfe4e83cbe0f831522deeaa1a9e525d3587295804d/fatt-RPA84654361.doc
error: 200 OK
report preso
response_code=1 èpresente nel dataset
rescan effettuato
/home/nimue/TESI/Perl/Tesi/finale/directory/c1ca0bb79fdcac3a8556d2abf1b5f88ea3963ec39c08a8556b4c265c15ae14ec/Documenti approvati.xml.zip
error: 200 OK
report preso
response_code=1 èpresente nel dataset
rescan effettuato
/home/nimue/TESI/Perl/Tesi/finale/directory/02eba63fe3af717692488d8cc55b9b8c87b7a37e3f3c2fd27663c89e1d6a9fa6/Dati del pagamento.pdf.zip
error: 200 OK
report preso
response_code=1 èpresente nel dataset
rescan effettuato
/home/nimue/TESI/Perl/Tesi/finale/directory/2cacb815518205f441af40c58aec0f7e817d27d4c827ccbbf406c85af7aa7a20/pagamenti.zip
500 addr is not a string at /home/nimue/TESI/Perl/Tesi/finale/api.pl line 34.
/home/nimue/TESI/Perl/Tesi/finale/directory/edad8533d00601f70701ed6895ca92e0e347857f5a86a0eeba111ddbaf86dc37/nl_bottom3.jpg
500 addr is not a string at /home/nimue/TESI/Perl/Tesi/finale/api.pl line 34.
/home/nimue/TESI/Perl/Tesi/finale/directory/8f83987e89827df83c4378b2f8f28a88feaaa27137cb92770f7801f081f214df/myteletu-android.png
error: 200 OK
report preso
response_code=0 non è presente nel dataset
scan effettuato
/home/nimue/TESI/Perl/Tesi/finale/directory/85a67ec37443f3b62c8b45b68a612d2ff2e49284f38af72fbcc91f08d6d8841b/Attaccamente per Completare.htm
error: 200 OK
report preso
response_code=1 èpresente nel dataset
rescan effettuato
/home/nimue/TESI/Perl/Tesi/finale/directory/33cc0f59d69a3d3929c2e4f49ba4b6b77201f41009ca44fcbd4a32592ee55fc7/Forderung nicht gedeckten Zahlung Ihrer Bestellung GiroPay24 AG.zip
500 addr is not a string at /home/nimue/TESI/Perl/Tesi/finale/api.pl line 34.
/home/nimue/TESI/Perl/Tesi/finale/directory/401622eece9179d55d9b05515195ec10d854e2e95abd54ccb47720a64f022619/spacer.gif
500 addr is not a string at /home/nimue/TESI/Perl/Tesi/finale/api.pl line 34.
/home/nimue/TESI/Perl/Tesi/finale/directory/450b3877b909c4c4c67e16d1164c6bec48013d0703d7530e77ab543484fa4905/foto-P4444637.jpg.zip
500 addr is not a string at /home/nimue/TESI/Perl/Tesi/finale/api.pl line 34.
/home/nimue/TESI/Perl/Tesi/finale/directory/450631b0dd16b1f460b934a14d8ac2d84d36e25b642af140abcfda326fcc8bf4/Document_IT_REL_PUBL_16150298_2014-05-11_RM2.pdf
500 addr is not a string at /home/nimue/TESI/Perl/Tesi/finale/api.pl line 34.
/home/nimue/TESI/Perl/Tesi/finale/directory/30662e318f9bbe16fbd90dd3d9f87d73694ba161450eca8c637cc860d6ef9bbf/nl_bottom1.jpg
500 addr is not a string at /home/nimue/TESI/Perl/Tesi/finale/api.pl line 34.
/home/nimue/TESI/Perl/Tesi/finale/directory/6b076685a99797a6484e6c907075fdf4326339195f49ee4b6334f00560500645/myteletu-logo.png
error: 200 OK
report preso
response_code=1 èpresente nel dataset
rescan effettuato
/home/nimue/TESI/Perl/Tesi/finale/directory/6a4b860fce08801e50a8c65ebe72017ac8e7a69f720c790108af1a75367c068e/smime.p7s
error: 200 OK
report preso
response_code=1 èpresente nel dataset
rescan effettuato
/home/nimue/TESI/Perl/Tesi/finale/directory/a0237de7b9263a3cebb58fddcf2bbb198059d8c7ead1db621045e983cfa8d4ba/daticert.xml
500 Status read failed: Connessione interrotta dal corrispondente at /home/nimue/TESI/Perl/Tesi/finale/api.pl line 34.
/home/nimue/TESI/Perl/Tesi/finale/directory/81b323f1c93c34bddf9e649255052f4a095eaab689fa65966fd3a543f7ade352/Rechnung nr.662983.doc
500 addr is not a string at /home/nimue/TESI/Perl/Tesi/finale/api.pl line 34.
/home/nimue/TESI/Perl/Tesi/finale/directory/587652063d0cd324a6e42b0a909c681ad8f4c6faf4eb6476b9fd8987e6f746fb/EuropAssistance_TC_BF2013.zip
500 addr is not a string at /home/nimue/TESI/Perl/Tesi/finale/api.pl line 34.
/home/nimue/TESI/Perl/Tesi/finale/directory/5dfbe86774e01190ef8f8008e55e337c0dee52d46f77e84d0abc41e4899d1028/fattura 25224043463.pdf.zip
500 addr is not a string at /home/nimue/TESI/Perl/Tesi/finale/api.pl line 34.
/home/nimue/TESI/Perl/Tesi/finale/directory/f5b31b04c3959f471b9a0152c760e3ac7b00db7cec69e3d63391cfcd1222e536/nl_middle1.gif
error: 200 OK
report preso
response_code=1 èpresente nel dataset
rescan effettuato
/home/nimue/TESI/Perl/Tesi/finale/directory/89a07d4e1f26c932e809a830bb9be319ad4749d99d3c32f2962ca2bea2c6b1bc/doc.allegato.poste.htm
error: 200 OK
report preso
response_code=1 èpresente nel dataset
rescan effettuato
/home/nimue/TESI/Perl/Tesi/finale/directory/abcda4bddc6bd8e1a268b5f6894d3c460ee530f5931efed12e8c4ff8869ffec5/Protokoll-4425684689.doc
500 addr is not a string at /home/nimue/TESI/Perl/Tesi/finale/api.pl line 34.
/home/nimue/TESI/Perl/Tesi/finale/directory/e888e66fdd55f8cf0eee96a58c78356c5bd4beae0928fe54f3d3cdc66f491997/Frachbrief_2943593.doc.doc
error: 200 OK
report preso
response_code=1 èpresente nel dataset
rescan effettuato
/home/nimue/TESI/Perl/Tesi/finale/directory/b51f088e1f9d9ceef7d06bdf886c1d91adf9a8e9a2da541a44696ce9b1784872/Telepass Comunicazione Servizio.zip
500 addr is not a string at /home/nimue/TESI/Perl/Tesi/finale/api.pl line 34.
/home/nimue/TESI/Perl/Tesi/finale/directory/81e398ca896d8a7307d0885c756ca68d0e6e620ea3b080328e560ef9166c55b9/sexy.zip
500 addr is not a string at /home/nimue/TESI/Perl/Tesi/finale/api.pl line 34.
/home/nimue/TESI/Perl/Tesi/finale/directory/cde1350a685128adc668273a774e9714c4aeb7422fe0bb893f43e1ff5a76f43d/avast-mail-08522.png
500 addr is not a string at /home/nimue/TESI/Perl/Tesi/finale/api.pl line 34.
/home/nimue/TESI/Perl/Tesi/finale/directory/c8dabf78dc2f352d53aa96aeba9de039c11dc2a9f5cb1999e7b2d610d31e9aa6/servizi_telepass_formato_elettronico_G5KCDJLUP4P0KZ0S.zip
error: 200 OK
report preso
response_code=1 èpresente nel dataset
rescan effettuato
/home/nimue/TESI/Perl/Tesi/finale/directory/051662a79b164bf8f68d0c3479f142607f8b1e40bc55dd55c345ebdc2f628194/SCAN_129_07082013_18911.zip
error: 200 OK
report preso
response_code=1 èpresente nel dataset
rescan effettuato
/home/nimue/TESI/Perl/Tesi/finale/directory/e1d12642cf51f05f96fedde922b61f82a6c2392f4231feb4f7d8ed5374d8e419/compila modulo#500123519.html
500 addr is not a string at /home/nimue/TESI/Perl/Tesi/finale/api.pl line 34.
/home/nimue/TESI/Perl/Tesi/finale/directory/3b78cab012a77d94df766d35052652e877cb8597940bb4b8ed7cb061543d52fc/ticket60BE467.zip
500 addr is not a string at /home/nimue/TESI/Perl/Tesi/finale/api.pl line 34.
/home/nimue/TESI/Perl/Tesi/finale/directory/41616e007a1bb1f77e62c02e20e0242d80d5329a7770346f1b04485ee16d4a91/Forderung 14.11.2014 - Rechtsanwalt Amazon AG.zip
error: 200 OK
report preso
response_code=1 èpresente nel dataset
rescan effettuato
/home/nimue/TESI/Perl/Tesi/finale/directory/39fc1bb38dd42c4737ee58b53befc3c05847460bd5beda2d7480a427882eac56/57997.doc
500 addr is not a string at /home/nimue/TESI/Perl/Tesi/finale/api.pl line 34.
/home/nimue/TESI/Perl/Tesi/finale/directory/1763cd96f6058560b9ca8667fedbd31d6a2df6590e23fa583db0e4b873af686c/photo.zip
500 addr is not a string at /home/nimue/TESI/Perl/Tesi/finale/api.pl line 34.
/home/nimue/TESI/Perl/Tesi/finale/directory/29492d7c5a74483737d529a351f859089508eaa1c0383153751bf894a9bcd876/Motor.doc
error: 200 OK
report preso
response_code=1 èpresente nel dataset
rescan effettuato
/home/nimue/TESI/Perl/Tesi/finale/directory/0d12656188942e5d33ec3e2b206f8b38aa3bfa95cf73552f2d4d93d19bd9664f/Boden (clothing) - Order NUM. 97162_094384_63.doc
500 addr is not a string at /home/nimue/TESI/Perl/Tesi/finale/api.pl line 34.
FINITO
/home/nimue/TESI/Perl/Tesi/finale/directory/c4894ac20e64a1bab1ce050cffee2ba526328e92e46f7bb0770c7aa32db166e9/nl_top.gif
500 addr is not a string at /home/nimue/TESI/Perl/Tesi/finale/api.pl line 34.
/home/nimue/TESI/Perl/Tesi/finale/directory/3827e2d96717b58855cb49c84e431c68a235c75b2aee0d33e581289f0ae48206/nl_middle2.gif
error: 200 OK
report preso
response_code=1 èpresente nel dataset
report salvato
/home/nimue/TESI/Perl/Tesi/finale/directory/0a99651bb36647ac6122d23286577c50f7d9b99fd020648837b39cae56479fd8/Document_IT_REL_PUBL_16073896_2014-04-25_PR1.pdf
error: 200 OK
report preso
response_code=1 èpresente nel dataset
report salvato
/home/nimue/TESI/Perl/Tesi/finale/directory/a43715a5dc93deff3de681407b53d24d0597797235da56acf16ec2668a269b22/fattura.zip
error: 200 OK
report preso
response_code=1 èpresente nel dataset
report salvato
/home/nimue/TESI/Perl/Tesi/finale/directory/417b258ff93582b570b4a8b3e64c7568b7d4cc202c65213f85fde1008f43eac5/Comunicazione Servizio Telepass.zip
500 addr is not a string at /home/nimue/TESI/Perl/Tesi/finale/api.pl line 34.
/home/nimue/TESI/Perl/Tesi/finale/directory/55750a2ab77e08003f7cb6effd9c52ff19a843f87802be0c04322c7d8db36bca/QrS.zip
error: 200 OK
report preso
response_code=1 èpresente nel dataset
rescan effettuato
/home/nimue/TESI/Perl/Tesi/finale/directory/9e8647befaca535b03351d84ec757bf7cc43442d2a89a86aa8dd9cd6e7d9c501/BGINV66883.rtf
error: 200 OK
report preso
response_code=1 èpresente nel dataset
rescan effettuato
/home/nimue/TESI/Perl/Tesi/finale/directory/f348bb209e2e53feaa8ceb1af22ecf948a73bd52759f03a5b289d030476b103e/Pixmania Gift Voucher.zip
500 addr is not a string at /home/nimue/TESI/Perl/Tesi/finale/api.pl line 34.
/home/nimue/TESI/Perl/Tesi/finale/directory/b2eaace33e795bd21837e2478e731d3678a6a087d4fe1527eace76644e485672/kz023sut.zip
error: 200 OK
report preso
response_code=1 èpresente nel dataset
rescan effettuato
/home/nimue/TESI/Perl/Tesi/finale/directory/8017d94c13bffbb3b412ed0368999d6881ff6d0a04eec339e4ddd364ec5e6638/Prenotazione-2013 456463839.zip
500 addr is not a string at /home/nimue/TESI/Perl/Tesi/finale/api.pl line 34.
/home/nimue/TESI/Perl/Tesi/finale/directory/03499a1bc79d1055c40f089848677b24a6780834c52e32fc27fdbf8fa7c8240d/Case_0083496.zip
500 addr is not a string at /home/nimue/TESI/Perl/Tesi/finale/api.pl line 34.
/home/nimue/TESI/Perl/Tesi/finale/directory/03499a1bc79d1055c40f089848677b24a6780834c52e32fc27fdbf8fa7c8240d/Case_9332991.zip
500 addr is not a string at /home/nimue/TESI/Perl/Tesi/finale/api.pl line 34.
/home/nimue/TESI/Perl/Tesi/finale/directory/82fb9c4adf279830abfd77f4c4e7295eb8c52739896dd1a7b89a990c9291752a/e-giftcard.zip
500 addr is not a string at /home/nimue/TESI/Perl/Tesi/finale/api.pl line 34.
/home/nimue/TESI/Perl/Tesi/finale/directory/ad4a2b836a69ea0bcdb2fd82e62a24500dbcf0c1e2c148046a80116b1e2ace49/WS4619051.doc
error: 200 OK
report preso
response_code=1 èpresente nel dataset
report salvato
/home/nimue/TESI/Perl/Tesi/finale/directory/83cef87f2ef4bdab7aa2b77c1d3e22df341edeae67f2b7f5d12af5d2a2f4ede7/Duplicato_Fattura_1904119905_del_3-14.pdf.zip
500 addr is not a string at /home/nimue/TESI/Perl/Tesi/finale/api.pl line 34.
/home/nimue/TESI/Perl/Tesi/finale/directory/5ba5fae5d630050af896c0acb7e4cdfae6b5be8ef893f04ba922761056d26068/Buono regalo Pixmania ( Valore 50 € ).zip
error: 200 OK
report preso
response_code=1 èpresente nel dataset
rescan effettuato
/home/nimue/TESI/Perl/Tesi/finale/directory/3563ee579f686c6426ce411c15539f81a6189da9a41b53d2014f185073ee4732/Document_IT_REL_PUBL_16114996_2014-05-02_RM1.pdf
500 addr is not a string at /home/nimue/TESI/Perl/Tesi/finale/api.pl line 34.
/home/nimue/TESI/Perl/Tesi/finale/directory/25882604525cca36d92a1189a9b90cf44347b07852464673a084a35b56916281/Proposta di modifica unilaterale del contratto CartaLIS Ottobre 2014_Prepagata PayPal.pdf.pdf
500 addr is not a string at /home/nimue/TESI/Perl/Tesi/finale/api.pl line 34.
/home/nimue/TESI/Perl/Tesi/finale/directory/734eaa34e23dc4c6d373fea2d006eaa19e229b47b1705c225fe5331fc8d905bb/documento_21.js
error: 200 OK
report preso
response_code=1 èpresente nel dataset
report salvato
/home/nimue/TESI/Perl/Tesi/finale/directory/7d0d3848b05e954bab5c67bf611d430ac39131cad1763af08990abdb78c21b9c/Fatture_Telepass_16_09_2014_PDF.zip
500 addr is not a string at /home/nimue/TESI/Perl/Tesi/finale/api.pl line 34.
/home/nimue/TESI/Perl/Tesi/finale/directory/1d94345899edfe65eb440d8995f548bd556e0cf2ce886d70c67ab808e849eae4/nl_bottom2.jpg
error: 200 OK
report preso
response_code=1 èpresente nel dataset
rescan effettuato
/home/nimue/TESI/Perl/Tesi/finale/directory/72e8b8d9b741533655616dd761c9211586c7bc8b6c996f89a90293e0e337d584/RA_New.zip
500 addr is not a string at /home/nimue/TESI/Perl/Tesi/finale/api.pl line 34.
/home/nimue/TESI/Perl/Tesi/finale/directory/48c714ba5fbb2cdf435c96b7190dbc59972a15b1cd64f19a84f601f6de768e37/foto.zip
error: 200 OK
report preso
response_code=1 èpresente nel dataset
report salvato
/home/nimue/TESI/Perl/Tesi/finale/directory/bbe7b03d7561ae0412c4678feb7e2786da00df18a798a429a6dbac9b6dbb4d92/042_Image 21 gennaio 2014.zip
500 addr is not a string at /home/nimue/TESI/Perl/Tesi/finale/api.pl line 34.
/home/nimue/TESI/Perl/Tesi/finale/directory/db44e45b50249207bebeadf4c819b3398fe20d1d8ce187f28ab3f2e9a89510b1/myteletu-ios.png
500 addr is not a string at /home/nimue/TESI/Perl/Tesi/finale/api.pl line 34.
/home/nimue/TESI/Perl/Tesi/finale/directory/fe597380dfb1df87c728da606617688a38045047667c6e51818c74623dd0c160/11-03-2016-8722996350.zip
error: 200 OK
report preso
response_code=1 èpresente nel dataset
rescan effettuato
/home/nimue/TESI/Perl/Tesi/finale/directory/e649e37134aa1c7931f3fd73c2c449abb23c06b74334d28d4c1eaae1cf29b27f/GAD.pdf
error: 200 OK
report preso
response_code=1 èpresente nel dataset
rescan effettuato
/home/nimue/TESI/Perl/Tesi/finale/directory/cc2022901111d84a6fc89e2710de4874056a1364ef8aadf1b4f460bfdadff9cd/forma_di_somministrazione _doc _pdf.zip
500 addr is not a string at /home/nimue/TESI/Perl/Tesi/finale/api.pl line 34.
/home/nimue/TESI/Perl/Tesi/finale/directory/517933182f1fd7a9d63ef2766362c709c13add6ccdb113bae928900767da5f9f/2014-12 nuovo_contratto.docx_doc.zip
error: 200 OK
report preso
response_code=1 èpresente nel dataset
rescan effettuato
/home/nimue/TESI/Perl/Tesi/finale/directory/350991a7f815a535fd8d80d83767ff008dac26e0e6804dfdca6f2634c1604b67/vacillated.zip
500 addr is not a string at /home/nimue/TESI/Perl/Tesi/finale/api.pl line 34.
/home/nimue/TESI/Perl/Tesi/finale/directory/83431aaa8d04dece4d0ee79878c6d4ebd86b345d2d20ef24a8ec071fa060d6b3/Fat._febbraio_2016 xls_.zip
500 addr is not a string at /home/nimue/TESI/Perl/Tesi/finale/api.pl line 34.
/home/nimue/TESI/Perl/Tesi/finale/directory/ae64a2e335a16e504a08181f33453b25123e56b39f676809afeb6784601f88cd/file da poste.it.zip
500 Status read failed: Connessione interrotta dal corrispondente at /home/nimue/TESI/Perl/Tesi/finale/api.pl line 34.
/home/nimue/TESI/Perl/Tesi/finale/directory/56aedac217196b1f5916ba6c1489d328c205fce04d2fef8cba4331f8481d7f6f/HEARTREK Speciale Bhutan.pdf
500 addr is not a string at /home/nimue/TESI/Perl/Tesi/finale/api.pl line 34.
/home/nimue/TESI/Perl/Tesi/finale/directory/a31e841d68f5c4608725cd73474578db2c94696a42f98653a2af23cf688b5cac/Investment Proposal.pdf
500 addr is not a string at /home/nimue/TESI/Perl/Tesi/finale/api.pl line 34.
/home/nimue/TESI/Perl/Tesi/finale/directory/1eb8f0bdff3ca5818d815ebfe4e83cbe0f831522deeaa1a9e525d3587295804d/fatt-RPA84654361.doc
500 addr is not a string at /home/nimue/TESI/Perl/Tesi/finale/api.pl line 34.
/home/nimue/TESI/Perl/Tesi/finale/directory/c1ca0bb79fdcac3a8556d2abf1b5f88ea3963ec39c08a8556b4c265c15ae14ec/Documenti approvati.xml.zip
500 addr is not a string at /home/nimue/TESI/Perl/Tesi/finale/api.pl line 34.
/home/nimue/TESI/Perl/Tesi/finale/directory/02eba63fe3af717692488d8cc55b9b8c87b7a37e3f3c2fd27663c89e1d6a9fa6/Dati del pagamento.pdf.zip
error: 200 OK
report preso
response_code=1 èpresente nel dataset
report salvato
/home/nimue/TESI/Perl/Tesi/finale/directory/2cacb815518205f441af40c58aec0f7e817d27d4c827ccbbf406c85af7aa7a20/pagamenti.zip
500 addr is not a string at /home/nimue/TESI/Perl/Tesi/finale/api.pl line 34.
/home/nimue/TESI/Perl/Tesi/finale/directory/edad8533d00601f70701ed6895ca92e0e347857f5a86a0eeba111ddbaf86dc37/nl_bottom3.jpg
500 addr is not a string at /home/nimue/TESI/Perl/Tesi/finale/api.pl line 34.
/home/nimue/TESI/Perl/Tesi/finale/directory/8f83987e89827df83c4378b2f8f28a88feaaa27137cb92770f7801f081f214df/myteletu-android.png
500 addr is not a string at /home/nimue/TESI/Perl/Tesi/finale/api.pl line 34.
/home/nimue/TESI/Perl/Tesi/finale/directory/85a67ec37443f3b62c8b45b68a612d2ff2e49284f38af72fbcc91f08d6d8841b/Attaccamente per Completare.htm
error: 200 OK
report preso
response_code=1 èpresente nel dataset
report salvato
/home/nimue/TESI/Perl/Tesi/finale/directory/33cc0f59d69a3d3929c2e4f49ba4b6b77201f41009ca44fcbd4a32592ee55fc7/Forderung nicht gedeckten Zahlung Ihrer Bestellung GiroPay24 AG.zip
error: 200 OK
report preso
response_code=1 èpresente nel dataset
rescan effettuato
/home/nimue/TESI/Perl/Tesi/finale/directory/401622eece9179d55d9b05515195ec10d854e2e95abd54ccb47720a64f022619/spacer.gif
500 addr is not a string at /home/nimue/TESI/Perl/Tesi/finale/api.pl line 34.
/home/nimue/TESI/Perl/Tesi/finale/directory/450b3877b909c4c4c67e16d1164c6bec48013d0703d7530e77ab543484fa4905/foto-P4444637.jpg.zip
500 addr is not a string at /home/nimue/TESI/Perl/Tesi/finale/api.pl line 34.
/home/nimue/TESI/Perl/Tesi/finale/directory/450631b0dd16b1f460b934a14d8ac2d84d36e25b642af140abcfda326fcc8bf4/Document_IT_REL_PUBL_16150298_2014-05-11_RM2.pdf
500 addr is not a string at /home/nimue/TESI/Perl/Tesi/finale/api.pl line 34.
/home/nimue/TESI/Perl/Tesi/finale/directory/30662e318f9bbe16fbd90dd3d9f87d73694ba161450eca8c637cc860d6ef9bbf/nl_bottom1.jpg
500 addr is not a string at /home/nimue/TESI/Perl/Tesi/finale/api.pl line 34.
/home/nimue/TESI/Perl/Tesi/finale/directory/6b076685a99797a6484e6c907075fdf4326339195f49ee4b6334f00560500645/myteletu-logo.png
500 addr is not a string at /home/nimue/TESI/Perl/Tesi/finale/api.pl line 34.
/home/nimue/TESI/Perl/Tesi/finale/directory/6a4b860fce08801e50a8c65ebe72017ac8e7a69f720c790108af1a75367c068e/smime.p7s
error: 200 OK
report preso
response_code=1 èpresente nel dataset
report salvato
/home/nimue/TESI/Perl/Tesi/finale/directory/a0237de7b9263a3cebb58fddcf2bbb198059d8c7ead1db621045e983cfa8d4ba/daticert.xml
error: 200 OK
report preso
response_code=1 èpresente nel dataset
rescan effettuato
/home/nimue/TESI/Perl/Tesi/finale/directory/81b323f1c93c34bddf9e649255052f4a095eaab689fa65966fd3a543f7ade352/Rechnung nr.662983.doc
500 addr is not a string at /home/nimue/TESI/Perl/Tesi/finale/api.pl line 34.
/home/nimue/TESI/Perl/Tesi/finale/directory/587652063d0cd324a6e42b0a909c681ad8f4c6faf4eb6476b9fd8987e6f746fb/EuropAssistance_TC_BF2013.zip
500 addr is not a string at /home/nimue/TESI/Perl/Tesi/finale/api.pl line 34.
/home/nimue/TESI/Perl/Tesi/finale/directory/5dfbe86774e01190ef8f8008e55e337c0dee52d46f77e84d0abc41e4899d1028/fattura 25224043463.pdf.zip
error: 200 OK
report preso
response_code=1 èpresente nel dataset
rescan effettuato
/home/nimue/TESI/Perl/Tesi/finale/directory/f5b31b04c3959f471b9a0152c760e3ac7b00db7cec69e3d63391cfcd1222e536/nl_middle1.gif
error: 200 OK
report preso
response_code=1 èpresente nel dataset
report salvato
/home/nimue/TESI/Perl/Tesi/finale/directory/89a07d4e1f26c932e809a830bb9be319ad4749d99d3c32f2962ca2bea2c6b1bc/doc.allegato.poste.htm
500 addr is not a string at /home/nimue/TESI/Perl/Tesi/finale/api.pl line 34.
/home/nimue/TESI/Perl/Tesi/finale/directory/abcda4bddc6bd8e1a268b5f6894d3c460ee530f5931efed12e8c4ff8869ffec5/Protokoll-4425684689.doc
error: 200 OK
report preso
response_code=1 èpresente nel dataset
rescan effettuato
/home/nimue/TESI/Perl/Tesi/finale/directory/e888e66fdd55f8cf0eee96a58c78356c5bd4beae0928fe54f3d3cdc66f491997/Frachbrief_2943593.doc.doc
500 addr is not a string at /home/nimue/TESI/Perl/Tesi/finale/api.pl line 34.
/home/nimue/TESI/Perl/Tesi/finale/directory/b51f088e1f9d9ceef7d06bdf886c1d91adf9a8e9a2da541a44696ce9b1784872/Telepass Comunicazione Servizio.zip
error: 200 OK
report preso
response_code=1 èpresente nel dataset
rescan effettuato
/home/nimue/TESI/Perl/Tesi/finale/directory/81e398ca896d8a7307d0885c756ca68d0e6e620ea3b080328e560ef9166c55b9/sexy.zip
500 addr is not a string at /home/nimue/TESI/Perl/Tesi/finale/api.pl line 34.
/home/nimue/TESI/Perl/Tesi/finale/directory/cde1350a685128adc668273a774e9714c4aeb7422fe0bb893f43e1ff5a76f43d/avast-mail-08522.png
error: 200 OK
report preso
response_code=1 èpresente nel dataset
rescan effettuato
/home/nimue/TESI/Perl/Tesi/finale/directory/c8dabf78dc2f352d53aa96aeba9de039c11dc2a9f5cb1999e7b2d610d31e9aa6/servizi_telepass_formato_elettronico_G5KCDJLUP4P0KZ0S.zip
error: 200 OK
report preso
response_code=1 èpresente nel dataset
report salvato
/home/nimue/TESI/Perl/Tesi/finale/directory/051662a79b164bf8f68d0c3479f142607f8b1e40bc55dd55c345ebdc2f628194/SCAN_129_07082013_18911.zip
500 addr is not a string at /home/nimue/TESI/Perl/Tesi/finale/api.pl line 34.
/home/nimue/TESI/Perl/Tesi/finale/directory/e1d12642cf51f05f96fedde922b61f82a6c2392f4231feb4f7d8ed5374d8e419/compila modulo#500123519.html
500 addr is not a string at /home/nimue/TESI/Perl/Tesi/finale/api.pl line 34.
/home/nimue/TESI/Perl/Tesi/finale/directory/3b78cab012a77d94df766d35052652e877cb8597940bb4b8ed7cb061543d52fc/ticket60BE467.zip
500 addr is not a string at /home/nimue/TESI/Perl/Tesi/finale/api.pl line 34.
/home/nimue/TESI/Perl/Tesi/finale/directory/41616e007a1bb1f77e62c02e20e0242d80d5329a7770346f1b04485ee16d4a91/Forderung 14.11.2014 - Rechtsanwalt Amazon AG.zip
500 addr is not a string at /home/nimue/TESI/Perl/Tesi/finale/api.pl line 34.
/home/nimue/TESI/Perl/Tesi/finale/directory/39fc1bb38dd42c4737ee58b53befc3c05847460bd5beda2d7480a427882eac56/57997.doc
error: 200 OK
report preso
response_code=1 èpresente nel dataset
rescan effettuato
/home/nimue/TESI/Perl/Tesi/finale/directory/1763cd96f6058560b9ca8667fedbd31d6a2df6590e23fa583db0e4b873af686c/photo.zip
error: 200 OK
report preso
response_code=1 èpresente nel dataset
rescan effettuato
/home/nimue/TESI/Perl/Tesi/finale/directory/29492d7c5a74483737d529a351f859089508eaa1c0383153751bf894a9bcd876/Motor.doc
error: 200 OK
report preso
response_code=1 èpresente nel dataset
report salvato
/home/nimue/TESI/Perl/Tesi/finale/directory/0d12656188942e5d33ec3e2b206f8b38aa3bfa95cf73552f2d4d93d19bd9664f/Boden (clothing) - Order NUM. 97162_094384_63.doc
500 addr is not a string at /home/nimue/TESI/Perl/Tesi/finale/api.pl line 34.
FINITO
12/home/nimue/TESI/Perl/Tesi/finale/directory/c4894ac20e64a1bab1ce050cffee2ba526328e92e46f7bb0770c7aa32db166e9/nl_top.gif
500 addr is not a string at /home/nimue/TESI/Perl/Tesi/finale/api.pl line 34.
/home/nimue/TESI/Perl/Tesi/finale/directory/3827e2d96717b58855cb49c84e431c68a235c75b2aee0d33e581289f0ae48206/nl_middle2.gif
500 addr is not a string at /home/nimue/TESI/Perl/Tesi/finale/api.pl line 34.
/home/nimue/TESI/Perl/Tesi/finale/directory/0a99651bb36647ac6122d23286577c50f7d9b99fd020648837b39cae56479fd8/Document_IT_REL_PUBL_16073896_2014-04-25_PR1.pdf
error: 200 OK
report preso
response_code=1 èpresente nel dataset
rescan effettuato
/home/nimue/TESI/Perl/Tesi/finale/directory/a43715a5dc93deff3de681407b53d24d0597797235da56acf16ec2668a269b22/fattura.zip
500 addr is not a string at /home/nimue/TESI/Perl/Tesi/finale/api.pl line 34.
/home/nimue/TESI/Perl/Tesi/finale/directory/417b258ff93582b570b4a8b3e64c7568b7d4cc202c65213f85fde1008f43eac5/Comunicazione Servizio Telepass.zip
500 addr is not a string at /home/nimue/TESI/Perl/Tesi/finale/api.pl line 34.
/home/nimue/TESI/Perl/Tesi/finale/directory/55750a2ab77e08003f7cb6effd9c52ff19a843f87802be0c04322c7d8db36bca/QrS.zip
error: 200 OK
report preso
response_code=1 èpresente nel dataset
rescan effettuato
/home/nimue/TESI/Perl/Tesi/finale/directory/9e8647befaca535b03351d84ec757bf7cc43442d2a89a86aa8dd9cd6e7d9c501/BGINV66883.rtf
500 addr is not a string at /home/nimue/TESI/Perl/Tesi/finale/api.pl line 34.
/home/nimue/TESI/Perl/Tesi/finale/directory/f348bb209e2e53feaa8ceb1af22ecf948a73bd52759f03a5b289d030476b103e/Pixmania Gift Voucher.zip
error: 200 OK
report preso
response_code=1 èpresente nel dataset
rescan effettuato
/home/nimue/TESI/Perl/Tesi/finale/directory/b2eaace33e795bd21837e2478e731d3678a6a087d4fe1527eace76644e485672/kz023sut.zip
error: 200 OK
report preso
response_code=1 èpresente nel dataset
rescan effettuato
/home/nimue/TESI/Perl/Tesi/finale/directory/8017d94c13bffbb3b412ed0368999d6881ff6d0a04eec339e4ddd364ec5e6638/Prenotazione-2013 456463839.zip
error: 200 OK
report preso
response_code=1 èpresente nel dataset
rescan effettuato
/home/nimue/TESI/Perl/Tesi/finale/directory/03499a1bc79d1055c40f089848677b24a6780834c52e32fc27fdbf8fa7c8240d/Case_0083496.zip
500 addr is not a string at /home/nimue/TESI/Perl/Tesi/finale/api.pl line 34.
/home/nimue/TESI/Perl/Tesi/finale/directory/03499a1bc79d1055c40f089848677b24a6780834c52e32fc27fdbf8fa7c8240d/Case_9332991.zip
error: 200 OK
report preso
response_code=1 èpresente nel dataset
rescan effettuato
/home/nimue/TESI/Perl/Tesi/finale/directory/82fb9c4adf279830abfd77f4c4e7295eb8c52739896dd1a7b89a990c9291752a/e-giftcard.zip
error: 200 OK
report preso
response_code=1 èpresente nel dataset
rescan effettuato
/home/nimue/TESI/Perl/Tesi/finale/directory/ad4a2b836a69ea0bcdb2fd82e62a24500dbcf0c1e2c148046a80116b1e2ace49/WS4619051.doc
error: 200 OK
report preso
response_code=1 èpresente nel dataset
rescan effettuato
/home/nimue/TESI/Perl/Tesi/finale/directory/83cef87f2ef4bdab7aa2b77c1d3e22df341edeae67f2b7f5d12af5d2a2f4ede7/Duplicato_Fattura_1904119905_del_3-14.pdf.zip
500 addr is not a string at /home/nimue/TESI/Perl/Tesi/finale/api.pl line 34.
/home/nimue/TESI/Perl/Tesi/finale/directory/5ba5fae5d630050af896c0acb7e4cdfae6b5be8ef893f04ba922761056d26068/Buono regalo Pixmania ( Valore 50 € ).zip
500 addr is not a string at /home/nimue/TESI/Perl/Tesi/finale/api.pl line 34.
/home/nimue/TESI/Perl/Tesi/finale/directory/3563ee579f686c6426ce411c15539f81a6189da9a41b53d2014f185073ee4732/Document_IT_REL_PUBL_16114996_2014-05-02_RM1.pdf
500 addr is not a string at /home/nimue/TESI/Perl/Tesi/finale/api.pl line 34.
/home/nimue/TESI/Perl/Tesi/finale/directory/25882604525cca36d92a1189a9b90cf44347b07852464673a084a35b56916281/Proposta di modifica unilaterale del contratto CartaLIS Ottobre 2014_Prepagata PayPal.pdf.pdf
error: 200 OK
report preso
response_code=1 èpresente nel dataset
rescan effettuato
/home/nimue/TESI/Perl/Tesi/finale/directory/734eaa34e23dc4c6d373fea2d006eaa19e229b47b1705c225fe5331fc8d905bb/documento_21.js
error: 200 OK
report preso
response_code=1 èpresente nel dataset
rescan effettuato
/home/nimue/TESI/Perl/Tesi/finale/directory/7d0d3848b05e954bab5c67bf611d430ac39131cad1763af08990abdb78c21b9c/Fatture_Telepass_16_09_2014_PDF.zip
500 addr is not a string at /home/nimue/TESI/Perl/Tesi/finale/api.pl line 34.
/home/nimue/TESI/Perl/Tesi/finale/directory/1d94345899edfe65eb440d8995f548bd556e0cf2ce886d70c67ab808e849eae4/nl_bottom2.jpg
500 addr is not a string at /home/nimue/TESI/Perl/Tesi/finale/api.pl line 34.
/home/nimue/TESI/Perl/Tesi/finale/directory/72e8b8d9b741533655616dd761c9211586c7bc8b6c996f89a90293e0e337d584/RA_New.zip
error: 200 OK
report preso
response_code=1 èpresente nel dataset
rescan effettuato
/home/nimue/TESI/Perl/Tesi/finale/directory/48c714ba5fbb2cdf435c96b7190dbc59972a15b1cd64f19a84f601f6de768e37/foto.zip
500 addr is not a string at /home/nimue/TESI/Perl/Tesi/finale/api.pl line 34.
/home/nimue/TESI/Perl/Tesi/finale/directory/bbe7b03d7561ae0412c4678feb7e2786da00df18a798a429a6dbac9b6dbb4d92/042_Image 21 gennaio 2014.zip
error: 200 OK
report preso
response_code=1 èpresente nel dataset
rescan effettuato
/home/nimue/TESI/Perl/Tesi/finale/directory/db44e45b50249207bebeadf4c819b3398fe20d1d8ce187f28ab3f2e9a89510b1/myteletu-ios.png
error: 200 OK
report preso
response_code=0 non è presente nel dataset
scan effettuato
/home/nimue/TESI/Perl/Tesi/finale/directory/fe597380dfb1df87c728da606617688a38045047667c6e51818c74623dd0c160/11-03-2016-8722996350.zip
error: 200 OK
report preso
response_code=1 èpresente nel dataset
rescan effettuato
/home/nimue/TESI/Perl/Tesi/finale/directory/e649e37134aa1c7931f3fd73c2c449abb23c06b74334d28d4c1eaae1cf29b27f/GAD.pdf
500 addr is not a string at /home/nimue/TESI/Perl/Tesi/finale/api.pl line 34.
/home/nimue/TESI/Perl/Tesi/finale/directory/cc2022901111d84a6fc89e2710de4874056a1364ef8aadf1b4f460bfdadff9cd/forma_di_somministrazione _doc _pdf.zip
500 addr is not a string at /home/nimue/TESI/Perl/Tesi/finale/api.pl line 34.
/home/nimue/TESI/Perl/Tesi/finale/directory/517933182f1fd7a9d63ef2766362c709c13add6ccdb113bae928900767da5f9f/2014-12 nuovo_contratto.docx_doc.zip
500 addr is not a string at /home/nimue/TESI/Perl/Tesi/finale/api.pl line 34.
/home/nimue/TESI/Perl/Tesi/finale/directory/350991a7f815a535fd8d80d83767ff008dac26e0e6804dfdca6f2634c1604b67/vacillated.zip
500 addr is not a string at /home/nimue/TESI/Perl/Tesi/finale/api.pl line 34.
/home/nimue/TESI/Perl/Tesi/finale/directory/83431aaa8d04dece4d0ee79878c6d4ebd86b345d2d20ef24a8ec071fa060d6b3/Fat._febbraio_2016 xls_.zip
500 addr is not a string at /home/nimue/TESI/Perl/Tesi/finale/api.pl line 34.
/home/nimue/TESI/Perl/Tesi/finale/directory/ae64a2e335a16e504a08181f33453b25123e56b39f676809afeb6784601f88cd/file da poste.it.zip
error: 200 OK
report preso
response_code=1 èpresente nel dataset
rescan effettuato
/home/nimue/TESI/Perl/Tesi/finale/directory/56aedac217196b1f5916ba6c1489d328c205fce04d2fef8cba4331f8481d7f6f/HEARTREK Speciale Bhutan.pdf
500 addr is not a string at /home/nimue/TESI/Perl/Tesi/finale/api.pl line 34.
/home/nimue/TESI/Perl/Tesi/finale/directory/a31e841d68f5c4608725cd73474578db2c94696a42f98653a2af23cf688b5cac/Investment Proposal.pdf
error: 200 OK
report preso
response_code=1 èpresente nel dataset
rescan effettuato
/home/nimue/TESI/Perl/Tesi/finale/directory/1eb8f0bdff3ca5818d815ebfe4e83cbe0f831522deeaa1a9e525d3587295804d/fatt-RPA84654361.doc
500 addr is not a string at /home/nimue/TESI/Perl/Tesi/finale/api.pl line 34.
/home/nimue/TESI/Perl/Tesi/finale/directory/c1ca0bb79fdcac3a8556d2abf1b5f88ea3963ec39c08a8556b4c265c15ae14ec/Documenti approvati.xml.zip
500 addr is not a string at /home/nimue/TESI/Perl/Tesi/finale/api.pl line 34.
/home/nimue/TESI/Perl/Tesi/finale/directory/02eba63fe3af717692488d8cc55b9b8c87b7a37e3f3c2fd27663c89e1d6a9fa6/Dati del pagamento.pdf.zip
500 addr is not a string at /home/nimue/TESI/Perl/Tesi/finale/api.pl line 34.
/home/nimue/TESI/Perl/Tesi/finale/directory/2cacb815518205f441af40c58aec0f7e817d27d4c827ccbbf406c85af7aa7a20/pagamenti.zip
500 addr is not a string at /home/nimue/TESI/Perl/Tesi/finale/api.pl line 34.
/home/nimue/TESI/Perl/Tesi/finale/directory/edad8533d00601f70701ed6895ca92e0e347857f5a86a0eeba111ddbaf86dc37/nl_bottom3.jpg
500 addr is not a string at /home/nimue/TESI/Perl/Tesi/finale/api.pl line 34.
/home/nimue/TESI/Perl/Tesi/finale/directory/8f83987e89827df83c4378b2f8f28a88feaaa27137cb92770f7801f081f214df/myteletu-android.png
500 addr is not a string at /home/nimue/TESI/Perl/Tesi/finale/api.pl line 34.
/home/nimue/TESI/Perl/Tesi/finale/directory/85a67ec37443f3b62c8b45b68a612d2ff2e49284f38af72fbcc91f08d6d8841b/Attaccamente per Completare.htm
500 addr is not a string at /home/nimue/TESI/Perl/Tesi/finale/api.pl line 34.
/home/nimue/TESI/Perl/Tesi/finale/directory/33cc0f59d69a3d3929c2e4f49ba4b6b77201f41009ca44fcbd4a32592ee55fc7/Forderung nicht gedeckten Zahlung Ihrer Bestellung GiroPay24 AG.zip
500 addr is not a string at /home/nimue/TESI/Perl/Tesi/finale/api.pl line 34.
/home/nimue/TESI/Perl/Tesi/finale/directory/401622eece9179d55d9b05515195ec10d854e2e95abd54ccb47720a64f022619/spacer.gif
error: 200 OK
report preso
response_code=1 èpresente nel dataset
rescan effettuato
/home/nimue/TESI/Perl/Tesi/finale/directory/450b3877b909c4c4c67e16d1164c6bec48013d0703d7530e77ab543484fa4905/foto-P4444637.jpg.zip
error: 200 OK
report preso
response_code=1 èpresente nel dataset
rescan effettuato
/home/nimue/TESI/Perl/Tesi/finale/directory/450631b0dd16b1f460b934a14d8ac2d84d36e25b642af140abcfda326fcc8bf4/Document_IT_REL_PUBL_16150298_2014-05-11_RM2.pdf
500 addr is not a string at /home/nimue/TESI/Perl/Tesi/finale/api.pl line 34.
/home/nimue/TESI/Perl/Tesi/finale/directory/30662e318f9bbe16fbd90dd3d9f87d73694ba161450eca8c637cc860d6ef9bbf/nl_bottom1.jpg
500 addr is not a string at /home/nimue/TESI/Perl/Tesi/finale/api.pl line 34.
/home/nimue/TESI/Perl/Tesi/finale/directory/6b076685a99797a6484e6c907075fdf4326339195f49ee4b6334f00560500645/myteletu-logo.png
500 addr is not a string at /home/nimue/TESI/Perl/Tesi/finale/api.pl line 34.
/home/nimue/TESI/Perl/Tesi/finale/directory/6a4b860fce08801e50a8c65ebe72017ac8e7a69f720c790108af1a75367c068e/smime.p7s
500 addr is not a string at /home/nimue/TESI/Perl/Tesi/finale/api.pl line 34.
/home/nimue/TESI/Perl/Tesi/finale/directory/a0237de7b9263a3cebb58fddcf2bbb198059d8c7ead1db621045e983cfa8d4ba/daticert.xml
error: 200 OK
report preso
response_code=1 èpresente nel dataset
rescan effettuato
/home/nimue/TESI/Perl/Tesi/finale/directory/81b323f1c93c34bddf9e649255052f4a095eaab689fa65966fd3a543f7ade352/Rechnung nr.662983.doc
500 addr is not a string at /home/nimue/TESI/Perl/Tesi/finale/api.pl line 34.
/home/nimue/TESI/Perl/Tesi/finale/directory/587652063d0cd324a6e42b0a909c681ad8f4c6faf4eb6476b9fd8987e6f746fb/EuropAssistance_TC_BF2013.zip
500 addr is not a string at /home/nimue/TESI/Perl/Tesi/finale/api.pl line 34.
/home/nimue/TESI/Perl/Tesi/finale/directory/5dfbe86774e01190ef8f8008e55e337c0dee52d46f77e84d0abc41e4899d1028/fattura 25224043463.pdf.zip
error: 200 OK
report preso
response_code=1 èpresente nel dataset
rescan effettuato
/home/nimue/TESI/Perl/Tesi/finale/directory/f5b31b04c3959f471b9a0152c760e3ac7b00db7cec69e3d63391cfcd1222e536/nl_middle1.gif
500 addr is not a string at /home/nimue/TESI/Perl/Tesi/finale/api.pl line 34.
/home/nimue/TESI/Perl/Tesi/finale/directory/89a07d4e1f26c932e809a830bb9be319ad4749d99d3c32f2962ca2bea2c6b1bc/doc.allegato.poste.htm
error: 200 OK
report preso
response_code=1 èpresente nel dataset
rescan effettuato
/home/nimue/TESI/Perl/Tesi/finale/directory/abcda4bddc6bd8e1a268b5f6894d3c460ee530f5931efed12e8c4ff8869ffec5/Protokoll-4425684689.doc
500 addr is not a string at /home/nimue/TESI/Perl/Tesi/finale/api.pl line 34.
/home/nimue/TESI/Perl/Tesi/finale/directory/e888e66fdd55f8cf0eee96a58c78356c5bd4beae0928fe54f3d3cdc66f491997/Frachbrief_2943593.doc.doc
error: 200 OK
report preso
response_code=1 èpresente nel dataset
rescan effettuato
/home/nimue/TESI/Perl/Tesi/finale/directory/b51f088e1f9d9ceef7d06bdf886c1d91adf9a8e9a2da541a44696ce9b1784872/Telepass Comunicazione Servizio.zip
500 addr is not a string at /home/nimue/TESI/Perl/Tesi/finale/api.pl line 34.
/home/nimue/TESI/Perl/Tesi/finale/directory/81e398ca896d8a7307d0885c756ca68d0e6e620ea3b080328e560ef9166c55b9/sexy.zip
500 addr is not a string at /home/nimue/TESI/Perl/Tesi/finale/api.pl line 34.
/home/nimue/TESI/Perl/Tesi/finale/directory/cde1350a685128adc668273a774e9714c4aeb7422fe0bb893f43e1ff5a76f43d/avast-mail-08522.png
500 addr is not a string at /home/nimue/TESI/Perl/Tesi/finale/api.pl line 34.
/home/nimue/TESI/Perl/Tesi/finale/directory/c8dabf78dc2f352d53aa96aeba9de039c11dc2a9f5cb1999e7b2d610d31e9aa6/servizi_telepass_formato_elettronico_G5KCDJLUP4P0KZ0S.zip
error: 200 OK
report preso
response_code=1 èpresente nel dataset
rescan effettuato
/home/nimue/TESI/Perl/Tesi/finale/directory/051662a79b164bf8f68d0c3479f142607f8b1e40bc55dd55c345ebdc2f628194/SCAN_129_07082013_18911.zip
500 addr is not a string at /home/nimue/TESI/Perl/Tesi/finale/api.pl line 34.
/home/nimue/TESI/Perl/Tesi/finale/directory/e1d12642cf51f05f96fedde922b61f82a6c2392f4231feb4f7d8ed5374d8e419/compila modulo#500123519.html
500 addr is not a string at /home/nimue/TESI/Perl/Tesi/finale/api.pl line 34.
/home/nimue/TESI/Perl/Tesi/finale/directory/3b78cab012a77d94df766d35052652e877cb8597940bb4b8ed7cb061543d52fc/ticket60BE467.zip
500 addr is not a string at /home/nimue/TESI/Perl/Tesi/finale/api.pl line 34.
/home/nimue/TESI/Perl/Tesi/finale/directory/41616e007a1bb1f77e62c02e20e0242d80d5329a7770346f1b04485ee16d4a91/Forderung 14.11.2014 - Rechtsanwalt Amazon AG.zip
error: 200 OK
report preso
response_code=1 èpresente nel dataset
rescan effettuato
/home/nimue/TESI/Perl/Tesi/finale/directory/39fc1bb38dd42c4737ee58b53befc3c05847460bd5beda2d7480a427882eac56/57997.doc
error: 200 OK
report preso
response_code=1 èpresente nel dataset
rescan effettuato
/home/nimue/TESI/Perl/Tesi/finale/directory/1763cd96f6058560b9ca8667fedbd31d6a2df6590e23fa583db0e4b873af686c/photo.zip
500 addr is not a string at /home/nimue/TESI/Perl/Tesi/finale/api.pl line 34.
/home/nimue/TESI/Perl/Tesi/finale/directory/29492d7c5a74483737d529a351f859089508eaa1c0383153751bf894a9bcd876/Motor.doc
error: 200 OK
report preso
response_code=1 èpresente nel dataset
rescan effettuato
/home/nimue/TESI/Perl/Tesi/finale/directory/0d12656188942e5d33ec3e2b206f8b38aa3bfa95cf73552f2d4d93d19bd9664f/Boden (clothing) - Order NUM. 97162_094384_63.doc
error: 200 OK
report preso
response_code=1 èpresente nel dataset
rescan effettuato
FINITO
